C:\USERS\TYLER\DOCUMENTS\VISUAL STUDIO 2012\PROJECTS\MONEYCOUNTERSIMULATION\MONEYCOUNTERSIMULATION\DEBUG\MONEYCOUNTERSIMULATION.PCH
C:\USERS\TYLER\DOCUMENTS\VISUAL STUDIO 2012\PROJECTS\MONEYCOUNTERSIMULATION\MONEYCOUNTERSIMULATION\DEBUG\STDAFX.OBJ
C:\USERS\TYLER\DOCUMENTS\VISUAL STUDIO 2012\PROJECTS\MONEYCOUNTERSIMULATION\MONEYCOUNTERSIMULATION\DEBUG\VC110.PDB
C:\USERS\TYLER\DOCUMENTS\VISUAL STUDIO 2012\PROJECTS\MONEYCOUNTERSIMULATION\MONEYCOUNTERSIMULATION\DEBUG\MONEYCOUNTERSIMULATION.OBJ
C:\USERS\TYLER\DOCUMENTS\VISUAL STUDIO 2012\PROJECTS\MONEYCOUNTERSIMULATION\DEBUG\MONEYCOUNTERSIMULATION.ILK
C:\USERS\TYLER\DOCUMENTS\VISUAL STUDIO 2012\PROJECTS\MONEYCOUNTERSIMULATION\DEBUG\MONEYCOUNTERSIMULATION.EXE
C:\USERS\TYLER\DOCUMENTS\VISUAL STUDIO 2012\PROJECTS\MONEYCOUNTERSIMULATION\DEBUG\MONEYCOUNTERSIMULATION.PDB
C:\Users\Tyler\Documents\Visual Studio 2012\Projects\MoneyCounterSimulation\MoneyCounterSimulation\Debug\stdafx.obj
C:\Users\Tyler\Documents\Visual Studio 2012\Projects\MoneyCounterSimulation\MoneyCounterSimulation\Debug\cl.command.1.tlog
C:\Users\Tyler\Documents\Visual Studio 2012\Projects\MoneyCounterSimulation\MoneyCounterSimulation\Debug\CL.read.1.tlog
C:\Users\Tyler\Documents\Visual Studio 2012\Projects\MoneyCounterSimulation\MoneyCounterSimulation\Debug\CL.write.1.tlog
C:\Users\Tyler\Documents\Visual Studio 2012\Projects\MoneyCounterSimulation\MoneyCounterSimulation\Debug\link-cvtres.read.1.tlog
C:\Users\Tyler\Documents\Visual Studio 2012\Projects\MoneyCounterSimulation\MoneyCounterSimulation\Debug\link-cvtres.write.1.tlog
C:\Users\Tyler\Documents\Visual Studio 2012\Projects\MoneyCounterSimulation\MoneyCounterSimulation\Debug\link-rc.read.1.tlog
C:\Users\Tyler\Documents\Visual Studio 2012\Projects\MoneyCounterSimulation\MoneyCounterSimulation\Debug\link-rc.write.1.tlog
C:\Users\Tyler\Documents\Visual Studio 2012\Projects\MoneyCounterSimulation\MoneyCounterSimulation\Debug\link.command.1.tlog
C:\Users\Tyler\Documents\Visual Studio 2012\Projects\MoneyCounterSimulation\MoneyCounterSimulation\Debug\link.read.1.tlog
C:\Users\Tyler\Documents\Visual Studio 2012\Projects\MoneyCounterSimulation\MoneyCounterSimulation\Debug\link.write.1.tlog
C:\Users\Tyler\Documents\Visual Studio 2012\Projects\MoneyCounterSimulation\MoneyCounterSimulation\Debug\MoneyCounterSimulation.pch
C:\Users\Tyler\Documents\Visual Studio 2012\Projects\MoneyCounterSimulation\MoneyCounterSimulation\Debug\vc110.idb
C:\Users\Tyler\Documents\Visual Studio 2012\Projects\MoneyCounterSimulation\MoneyCounterSimulation\Debug\vc110.pdb
C:\Users\Tyler\Documents\Visual Studio 2012\Projects\MoneyCounterSimulation\Debug\MoneyCounterSimulation.pdb
C:\Users\Tyler\Documents\Visual Studio 2012\Projects\MoneyCounterSimulation\Debug\MoneyCounterSimulation.exe
C:\Users\Tyler\Documents\Visual Studio 2012\Projects\MoneyCounterSimulation\Debug\MoneyCounterSimulation.ilk
